<?xml version="1.0" encoding="UTF-8"?>
<testsuite xmlns:xsi="http://www.w3.org/2001/XMLSchema-instance" xsi:noNamespaceSchemaLocation="https://maven.apache.org/surefire/maven-surefire-plugin/xsd/surefire-test-report-3.0.xsd" version="3.0" name="com.dreamportal.dream_portal_tests.DreamPortalTestsApplicationTests" time="1.457" tests="1" errors="0" skipped="0" failures="0">
  <properties>
[...]
</properties>
  <testcase name="contextLoads" classname="com.dreamportal.dream_portal_tests.DreamPortalTestsApplicationTests" time="0.575">
    <system-out><![CDATA[13:48:03.071 [main] INFO org.springframework.test.context.support.AnnotationConfigContextLoaderUtils -- Could not detect default configuration classes for test class [com.dreamportal.dream_portal_tests.DreamPortalTestsApplicationTests]: DreamPortalTestsApplicationTests does not declare any static, non-private, non-final, nested classes annotated with @Configuration.
13:48:03.161 [main] INFO org.springframework.boot.test.context.SpringBootTestContextBootstrapper -- Found @SpringBootConfiguration com.dreamportal.dream_portal_tests.DreamPortalTestsApplication for test class com.dreamportal.dream_portal_tests.DreamPortalTestsApplicationTests

  .   ____          _            __ _ _
 /\\ / ___'_ __ _ _(_)_ __  __ _ \ \ \ \
( ( )\___ | '_ | '_| | '_ \/ _` | \ \ \ \
 \\/  ___)| |_)| | | | | || (_| |  ) ) ) )
  '  |____| .__|_| |_|_| |_\__, | / / / /
 =========|_|==============|___/=/_/_/_/

 :: Spring Boot ::                (v3.5.5)

2025-09-09T13:48:03.467+05:30  INFO 23918 --- [dream-portal-tests] [           main] c.d.d.DreamPortalTestsApplicationTests   : Starting DreamPortalTestsApplicationTests using Java 24.0.2 with PID 23918 (started by d4jain in /Users/d4jain/Downloads/dream-portal-tests)
2025-09-09T13:48:03.467+05:30  INFO 23918 --- [dream-portal-tests] [           main] c.d.d.DreamPortalTestsApplicationTests   : No active profile set, falling back to 1 default profile: "default"
2025-09-09T13:48:03.822+05:30  INFO 23918 --- [dream-portal-tests] [           main] c.d.d.DreamPortalTestsApplicationTests   : Started DreamPortalTestsApplicationTests in 0.536 seconds (process running for 1.564)
]]></system-out>
    <system-err><![CDATA[Mockito is currently self-attaching to enable the inline-mock-maker. This will no longer work in future releases of the JDK. Please add Mockito as an agent to your build as described in Mockito's documentation: https://javadoc.io/doc/org.mockito/mockito-core/latest/org.mockito/org/mockito/Mockito.html#0.3
WARNING: A Java agent has been loaded dynamically (/Users/d4jain/.m2/repository/net/bytebuddy/byte-buddy-agent/1.17.7/byte-buddy-agent-1.17.7.jar)
WARNING: If a serviceability tool is in use, please run with -XX:+EnableDynamicAgentLoading to hide this warning
WARNING: If a serviceability tool is not in use, please run with -Djdk.instrument.traceUsage for more information
WARNING: Dynamic loading of agents will be disallowed by default in a future release
]]></system-err>
  </testcase>
</testsuite>